[debug] [2025-03-17T17:24:04.084Z] ----------------------------------------------------------------------
[debug] [2025-03-17T17:24:04.090Z] Command:       C:\Program Files\nodejs\node.exe C:\Users\hp\AppData\Roaming\npm\node_modules\firebase-tools\lib\bin\firebase.js deploy --only functions --debug
[debug] [2025-03-17T17:24:04.091Z] CLI Version:   13.34.0
[debug] [2025-03-17T17:24:04.091Z] Platform:      win32
[debug] [2025-03-17T17:24:04.091Z] Node Version:  v22.13.0
[debug] [2025-03-17T17:24:04.092Z] Time:          Mon Mar 17 2025 22:54:04 GMT+0530 (India Standard Time)
[debug] [2025-03-17T17:24:04.092Z] ----------------------------------------------------------------------
[debug] 
[debug] [2025-03-17T17:24:04.523Z] > command requires scopes: ["email","openid","https://www.googleapis.com/auth/cloudplatformprojects.readonly","https://www.googleapis.com/auth/firebase","https://www.googleapis.com/auth/cloud-platform"]
[debug] [2025-03-17T17:24:04.525Z] > authorizing via signed-in user (annu22.dabas@gmail.com)
[debug] [2025-03-17T17:24:04.527Z] [iam] checking project worktrace-96e0c for permissions ["cloudfunctions.functions.create","cloudfunctions.functions.delete","cloudfunctions.functions.get","cloudfunctions.functions.list","cloudfunctions.functions.update","cloudfunctions.operations.get","firebase.projects.get"]
[debug] [2025-03-17T17:24:04.532Z] Checked if tokens are valid: true, expires at: 1742233951666
[debug] [2025-03-17T17:24:04.533Z] Checked if tokens are valid: true, expires at: 1742233951666
[debug] [2025-03-17T17:24:04.540Z] >>> [apiv2][query] POST https://cloudresourcemanager.googleapis.com/v1/projects/worktrace-96e0c:testIamPermissions [none]
[debug] [2025-03-17T17:24:04.542Z] >>> [apiv2][(partial)header] POST https://cloudresourcemanager.googleapis.com/v1/projects/worktrace-96e0c:testIamPermissions x-goog-quota-user=projects/worktrace-96e0c
[debug] [2025-03-17T17:24:04.544Z] >>> [apiv2][body] POST https://cloudresourcemanager.googleapis.com/v1/projects/worktrace-96e0c:testIamPermissions {"permissions":["cloudfunctions.functions.create","cloudfunctions.functions.delete","cloudfunctions.functions.get","cloudfunctions.functions.list","cloudfunctions.functions.update","cloudfunctions.operations.get","firebase.projects.get"]}
[debug] [2025-03-17T17:24:06.192Z] <<< [apiv2][status] POST https://cloudresourcemanager.googleapis.com/v1/projects/worktrace-96e0c:testIamPermissions 200
[debug] [2025-03-17T17:24:06.194Z] <<< [apiv2][body] POST https://cloudresourcemanager.googleapis.com/v1/projects/worktrace-96e0c:testIamPermissions {"permissions":["cloudfunctions.functions.create","cloudfunctions.functions.delete","cloudfunctions.functions.get","cloudfunctions.functions.list","cloudfunctions.functions.update","cloudfunctions.operations.get","firebase.projects.get"]}
[debug] [2025-03-17T17:24:06.197Z] Checked if tokens are valid: true, expires at: 1742233951666
[debug] [2025-03-17T17:24:06.197Z] Checked if tokens are valid: true, expires at: 1742233951666
[debug] [2025-03-17T17:24:06.198Z] >>> [apiv2][query] POST https://iam.googleapis.com/v1/projects/worktrace-96e0c/serviceAccounts/worktrace-96e0c@appspot.gserviceaccount.com:testIamPermissions [none]
[debug] [2025-03-17T17:24:06.200Z] >>> [apiv2][body] POST https://iam.googleapis.com/v1/projects/worktrace-96e0c/serviceAccounts/worktrace-96e0c@appspot.gserviceaccount.com:testIamPermissions {"permissions":["iam.serviceAccounts.actAs"]}
[debug] [2025-03-17T17:24:07.979Z] <<< [apiv2][status] POST https://iam.googleapis.com/v1/projects/worktrace-96e0c/serviceAccounts/worktrace-96e0c@appspot.gserviceaccount.com:testIamPermissions 200
[debug] [2025-03-17T17:24:07.982Z] <<< [apiv2][body] POST https://iam.googleapis.com/v1/projects/worktrace-96e0c/serviceAccounts/worktrace-96e0c@appspot.gserviceaccount.com:testIamPermissions {"permissions":["iam.serviceAccounts.actAs"]}
[info] 
[info] === Deploying to 'worktrace-96e0c'...
[info] 
[info] i  deploying functions 
[debug] [2025-03-17T17:24:08.029Z] Checked if tokens are valid: true, expires at: 1742233951666
[debug] [2025-03-17T17:24:08.032Z] Checked if tokens are valid: true, expires at: 1742233951666
[debug] [2025-03-17T17:24:08.034Z] >>> [apiv2][query] GET https://cloudresourcemanager.googleapis.com/v1/projects/worktrace-96e0c [none]
[debug] [2025-03-17T17:24:08.366Z] <<< [apiv2][status] GET https://cloudresourcemanager.googleapis.com/v1/projects/worktrace-96e0c 200
[debug] [2025-03-17T17:24:08.370Z] <<< [apiv2][body] GET https://cloudresourcemanager.googleapis.com/v1/projects/worktrace-96e0c {"projectNumber":"975860193270","projectId":"worktrace-96e0c","lifecycleState":"ACTIVE","name":"worktrace","labels":{"firebase":"enabled","firebase-core":"disabled"},"createTime":"2025-01-14T16:27:35.326010Z"}
[info] i  functions: preparing codebase default for deployment 
[info] i  functions: ensuring required API cloudfunctions.googleapis.com is enabled... 
[debug] [2025-03-17T17:24:08.390Z] Checked if tokens are valid: true, expires at: 1742233951666
[debug] [2025-03-17T17:24:08.392Z] Checked if tokens are valid: true, expires at: 1742233951666
[debug] [2025-03-17T17:24:08.394Z] Checked if tokens are valid: true, expires at: 1742233951666
[debug] [2025-03-17T17:24:08.396Z] Checked if tokens are valid: true, expires at: 1742233951666
[info] i  functions: ensuring required API cloudbuild.googleapis.com is enabled... 
[debug] [2025-03-17T17:24:08.400Z] Checked if tokens are valid: true, expires at: 1742233951666
[debug] [2025-03-17T17:24:08.402Z] Checked if tokens are valid: true, expires at: 1742233951666
[info] i  artifactregistry: ensuring required API artifactregistry.googleapis.com is enabled... 
[debug] [2025-03-17T17:24:08.420Z] Checked if tokens are valid: true, expires at: 1742233951666
[debug] [2025-03-17T17:24:08.421Z] Checked if tokens are valid: true, expires at: 1742233951666
[debug] [2025-03-17T17:24:08.427Z] >>> [apiv2][query] GET https://serviceusage.googleapis.com/v1/projects/worktrace-96e0c/services/cloudfunctions.googleapis.com [none]
[debug] [2025-03-17T17:24:08.429Z] >>> [apiv2][(partial)header] GET https://serviceusage.googleapis.com/v1/projects/worktrace-96e0c/services/cloudfunctions.googleapis.com x-goog-quota-user=projects/worktrace-96e0c
[debug] [2025-03-17T17:24:08.438Z] >>> [apiv2][query] GET https://serviceusage.googleapis.com/v1/projects/worktrace-96e0c/services/runtimeconfig.googleapis.com [none]
[debug] [2025-03-17T17:24:08.440Z] >>> [apiv2][(partial)header] GET https://serviceusage.googleapis.com/v1/projects/worktrace-96e0c/services/runtimeconfig.googleapis.com x-goog-quota-user=projects/worktrace-96e0c
[debug] [2025-03-17T17:24:08.452Z] >>> [apiv2][query] GET https://serviceusage.googleapis.com/v1/projects/worktrace-96e0c/services/cloudbuild.googleapis.com [none]
[debug] [2025-03-17T17:24:08.454Z] >>> [apiv2][(partial)header] GET https://serviceusage.googleapis.com/v1/projects/worktrace-96e0c/services/cloudbuild.googleapis.com x-goog-quota-user=projects/worktrace-96e0c
[debug] [2025-03-17T17:24:08.461Z] >>> [apiv2][query] GET https://serviceusage.googleapis.com/v1/projects/worktrace-96e0c/services/artifactregistry.googleapis.com [none]
[debug] [2025-03-17T17:24:08.463Z] >>> [apiv2][(partial)header] GET https://serviceusage.googleapis.com/v1/projects/worktrace-96e0c/services/artifactregistry.googleapis.com x-goog-quota-user=projects/worktrace-96e0c
[debug] [2025-03-17T17:24:10.519Z] <<< [apiv2][status] GET https://serviceusage.googleapis.com/v1/projects/worktrace-96e0c/services/runtimeconfig.googleapis.com 200
[debug] [2025-03-17T17:24:10.524Z] <<< [apiv2][body] GET https://serviceusage.googleapis.com/v1/projects/worktrace-96e0c/services/runtimeconfig.googleapis.com [omitted]
[debug] [2025-03-17T17:24:10.536Z] <<< [apiv2][status] GET https://serviceusage.googleapis.com/v1/projects/worktrace-96e0c/services/cloudbuild.googleapis.com 200
[debug] [2025-03-17T17:24:10.551Z] <<< [apiv2][body] GET https://serviceusage.googleapis.com/v1/projects/worktrace-96e0c/services/cloudbuild.googleapis.com [omitted]
[info] +  functions: required API cloudbuild.googleapis.com is enabled 
[debug] [2025-03-17T17:24:10.582Z] <<< [apiv2][status] GET https://serviceusage.googleapis.com/v1/projects/worktrace-96e0c/services/cloudfunctions.googleapis.com 200
[debug] [2025-03-17T17:24:10.583Z] <<< [apiv2][body] GET https://serviceusage.googleapis.com/v1/projects/worktrace-96e0c/services/cloudfunctions.googleapis.com [omitted]
[info] +  functions: required API cloudfunctions.googleapis.com is enabled 
[debug] [2025-03-17T17:24:10.590Z] <<< [apiv2][status] GET https://serviceusage.googleapis.com/v1/projects/worktrace-96e0c/services/artifactregistry.googleapis.com 200
[debug] [2025-03-17T17:24:10.592Z] <<< [apiv2][body] GET https://serviceusage.googleapis.com/v1/projects/worktrace-96e0c/services/artifactregistry.googleapis.com [omitted]
[info] +  artifactregistry: required API artifactregistry.googleapis.com is enabled 
[debug] [2025-03-17T17:24:10.596Z] Checked if tokens are valid: true, expires at: 1742233951666
[debug] [2025-03-17T17:24:10.597Z] Checked if tokens are valid: true, expires at: 1742233951666
[debug] [2025-03-17T17:24:10.598Z] >>> [apiv2][query] GET https://firebase.googleapis.com/v1beta1/projects/worktrace-96e0c/adminSdkConfig [none]
[debug] [2025-03-17T17:24:11.709Z] <<< [apiv2][status] GET https://firebase.googleapis.com/v1beta1/projects/worktrace-96e0c/adminSdkConfig 200
[debug] [2025-03-17T17:24:11.713Z] <<< [apiv2][body] GET https://firebase.googleapis.com/v1beta1/projects/worktrace-96e0c/adminSdkConfig {"projectId":"worktrace-96e0c","storageBucket":"worktrace-96e0c.firebasestorage.app"}
[debug] [2025-03-17T17:24:11.720Z] Checked if tokens are valid: true, expires at: 1742233951666
[debug] [2025-03-17T17:24:11.723Z] Checked if tokens are valid: true, expires at: 1742233951666
[debug] [2025-03-17T17:24:11.727Z] >>> [apiv2][query] GET https://runtimeconfig.googleapis.com/v1beta1/projects/worktrace-96e0c/configs [none]
[debug] [2025-03-17T17:24:12.286Z] <<< [apiv2][status] GET https://runtimeconfig.googleapis.com/v1beta1/projects/worktrace-96e0c/configs 200
[debug] [2025-03-17T17:24:12.289Z] <<< [apiv2][body] GET https://runtimeconfig.googleapis.com/v1beta1/projects/worktrace-96e0c/configs {}
[debug] [2025-03-17T17:24:12.304Z] Validating nodejs source
[debug] [2025-03-17T17:24:15.656Z] > [functions] package.json contents: {
  "name": "functions",
  "description": "Cloud Functions for Firebase",
  "scripts": {
    "serve": "firebase emulators:start --only functions",
    "shell": "firebase functions:shell",
    "start": "npm run shell",
    "deploy": "firebase deploy --only functions",
    "logs": "firebase functions:log"
  },
  "engines": {
    "node": "22"
  },
  "main": "index.js",
  "dependencies": {
    "firebase-admin": "^12.7.0",
    "firebase-functions": "^6.3.2",
    "nodemailer": "^6.10.0"
  },
  "devDependencies": {
    "firebase-functions-test": "^3.1.0"
  },
  "private": true
}
[debug] [2025-03-17T17:24:15.701Z] Building nodejs source
[info] i  functions: Loading and analyzing source code for codebase default to determine what to deploy 
[debug] [2025-03-17T17:24:15.726Z] Could not find functions.yaml. Must use http discovery
[debug] [2025-03-17T17:24:15.768Z] Found firebase-functions binary at 'C:\webdevelopment\admin\functions\node_modules\.bin\firebase-functions'
[info] Serving at port 8908

[debug] [2025-03-17T17:24:17.010Z] Got response from /__/functions.yaml {"endpoints":{},"specVersion":"v1alpha1","requiredAPIs":[],"extensions":{}}
[info] i  extensions: ensuring required API firebaseextensions.googleapis.com is enabled... 
[debug] [2025-03-17T17:24:21.094Z] Checked if tokens are valid: true, expires at: 1742233951666
[debug] [2025-03-17T17:24:21.095Z] Checked if tokens are valid: true, expires at: 1742233951666
[debug] [2025-03-17T17:24:21.097Z] >>> [apiv2][query] GET https://serviceusage.googleapis.com/v1/projects/worktrace-96e0c/services/firebaseextensions.googleapis.com [none]
[debug] [2025-03-17T17:24:21.099Z] >>> [apiv2][(partial)header] GET https://serviceusage.googleapis.com/v1/projects/worktrace-96e0c/services/firebaseextensions.googleapis.com x-goog-quota-user=projects/worktrace-96e0c
[debug] [2025-03-17T17:24:22.891Z] <<< [apiv2][status] GET https://serviceusage.googleapis.com/v1/projects/worktrace-96e0c/services/firebaseextensions.googleapis.com 200
[debug] [2025-03-17T17:24:22.893Z] <<< [apiv2][body] GET https://serviceusage.googleapis.com/v1/projects/worktrace-96e0c/services/firebaseextensions.googleapis.com [omitted]
[info] +  extensions: required API firebaseextensions.googleapis.com is enabled 
[debug] [2025-03-17T17:24:22.896Z] > command requires scopes: ["email","openid","https://www.googleapis.com/auth/cloudplatformprojects.readonly","https://www.googleapis.com/auth/firebase","https://www.googleapis.com/auth/cloud-platform"]
[debug] [2025-03-17T17:24:22.898Z] > authorizing via signed-in user (annu22.dabas@gmail.com)
[debug] [2025-03-17T17:24:22.899Z] [iam] checking project worktrace-96e0c for permissions ["firebase.projects.get","firebaseextensions.instances.list"]
[debug] [2025-03-17T17:24:22.901Z] Checked if tokens are valid: true, expires at: 1742233951666
[debug] [2025-03-17T17:24:22.902Z] Checked if tokens are valid: true, expires at: 1742233951666
[debug] [2025-03-17T17:24:22.903Z] >>> [apiv2][query] POST https://cloudresourcemanager.googleapis.com/v1/projects/worktrace-96e0c:testIamPermissions [none]
[debug] [2025-03-17T17:24:22.905Z] >>> [apiv2][(partial)header] POST https://cloudresourcemanager.googleapis.com/v1/projects/worktrace-96e0c:testIamPermissions x-goog-quota-user=projects/worktrace-96e0c
[debug] [2025-03-17T17:24:22.907Z] >>> [apiv2][body] POST https://cloudresourcemanager.googleapis.com/v1/projects/worktrace-96e0c:testIamPermissions {"permissions":["firebase.projects.get","firebaseextensions.instances.list"]}
[debug] [2025-03-17T17:24:24.957Z] <<< [apiv2][status] POST https://cloudresourcemanager.googleapis.com/v1/projects/worktrace-96e0c:testIamPermissions 200
[debug] [2025-03-17T17:24:24.959Z] <<< [apiv2][body] POST https://cloudresourcemanager.googleapis.com/v1/projects/worktrace-96e0c:testIamPermissions {"permissions":["firebase.projects.get","firebaseextensions.instances.list"]}
[debug] [2025-03-17T17:24:24.961Z] Checked if tokens are valid: true, expires at: 1742233951666
[debug] [2025-03-17T17:24:24.962Z] Checked if tokens are valid: true, expires at: 1742233951666
[debug] [2025-03-17T17:24:24.963Z] >>> [apiv2][query] GET https://firebaseextensions.googleapis.com/v1beta/projects/worktrace-96e0c/instances pageSize=100&pageToken=
[debug] [2025-03-17T17:24:26.656Z] <<< [apiv2][status] GET https://firebaseextensions.googleapis.com/v1beta/projects/worktrace-96e0c/instances 200
[debug] [2025-03-17T17:24:26.660Z] <<< [apiv2][body] GET https://firebaseextensions.googleapis.com/v1beta/projects/worktrace-96e0c/instances {}
[debug] [2025-03-17T17:24:26.698Z] Checked if tokens are valid: true, expires at: 1742233951666
[debug] [2025-03-17T17:24:26.705Z] Checked if tokens are valid: true, expires at: 1742233951666
[debug] [2025-03-17T17:24:26.710Z] >>> [apiv2][query] GET https://cloudfunctions.googleapis.com/v1/projects/worktrace-96e0c/locations/-/functions [none]
[debug] [2025-03-17T17:24:27.632Z] <<< [apiv2][status] GET https://cloudfunctions.googleapis.com/v1/projects/worktrace-96e0c/locations/-/functions 200
[debug] [2025-03-17T17:24:27.633Z] <<< [apiv2][body] GET https://cloudfunctions.googleapis.com/v1/projects/worktrace-96e0c/locations/-/functions {}
[debug] [2025-03-17T17:24:27.634Z] Checked if tokens are valid: true, expires at: 1742233951666
[debug] [2025-03-17T17:24:27.635Z] Checked if tokens are valid: true, expires at: 1742233951666
[debug] [2025-03-17T17:24:27.636Z] >>> [apiv2][query] GET https://cloudfunctions.googleapis.com/v2/projects/worktrace-96e0c/locations/-/functions filter=environment%3D%22GEN_2%22
[debug] [2025-03-17T17:24:29.268Z] <<< [apiv2][status] GET https://cloudfunctions.googleapis.com/v2/projects/worktrace-96e0c/locations/-/functions 200
[debug] [2025-03-17T17:24:29.274Z] <<< [apiv2][body] GET https://cloudfunctions.googleapis.com/v2/projects/worktrace-96e0c/locations/-/functions {}
[debug] [2025-03-17T17:24:29.297Z] Checked if tokens are valid: true, expires at: 1742233951666
[debug] [2025-03-17T17:24:29.299Z] Checked if tokens are valid: true, expires at: 1742233951666
[debug] [2025-03-17T17:24:29.300Z] >>> [apiv2][query] GET https://cloudbilling.googleapis.com/v1/projects/worktrace-96e0c/billingInfo [none]
[debug] [2025-03-17T17:24:30.869Z] <<< [apiv2][status] GET https://cloudbilling.googleapis.com/v1/projects/worktrace-96e0c/billingInfo 200
